#
# There is insufficient memory for the Java Runtime Environment to continue.
# Native memory allocation (mmap) failed to map 130023424 bytes for Failed to commit area from 0x0000000085600000 to 0x000000008d200000 of length 130023424.
# Possible reasons:
#   The system is out of physical RAM or swap space
#   The process is running with CompressedOops enabled, and the Java Heap may be blocking the growth of the native heap
# Possible solutions:
#   Reduce memory load on the system
#   Increase physical memory or swap space
#   Check if swap backing store is full
#   Decrease Java heap size (-Xmx/-Xms)
#   Decrease number of Java threads
#   Decrease Java thread stack sizes (-Xss)
#   Set larger code cache with -XX:ReservedCodeCacheSize=
# This output file may be truncated or incomplete.
#
#  Out of Memory Error (./src/hotspot/os/windows/os_windows.cpp:3301), pid=6592, tid=22964
#
# JRE version:  (11.0.11+9) (build )
# Java VM: OpenJDK 64-Bit Server VM (11.0.11+9-b60-7590822, mixed mode, sharing, tiered, compressed oops, g1 gc, windows-amd64)
# No core dump will be written. Minidumps are not enabled by default on client versions of Windows
#

---------------  S U M M A R Y ------------

Command Line: 

Host: 11th Gen Intel(R) Core(TM) i3-1125G4 @ 2.00GHz, 8 cores, 7G,  Windows 10 , 64 bit Build 22621 (10.0.22621.755)
Time: Tue Dec  6 16:05:37 2022 India Standard Time elapsed time: 0.046747 seconds (0d 0h 0m 0s)

---------------  T H R E A D  ---------------

Current thread (0x0000015415518800):  JavaThread "Unknown thread" [_thread_in_vm, id=22964, stack(0x0000002a21100000,0x0000002a21200000)]

Stack: [0x0000002a21100000,0x0000002a21200000]
Native frames: (J=compiled Java code, j=interpreted, Vv=VM code, C=native code)
V  [jvm.dll+0x5f214a]
V  [jvm.dll+0x726fb5]
V  [jvm.dll+0x7285cd]
V  [jvm.dll+0x728c83]
V  [jvm.dll+0x243278]
V  [jvm.dll+0x5ef544]
V  [jvm.dll+0x5e4495]
V  [jvm.dll+0x2fec5b]
V  [jvm.dll+0x2febca]
V  [jvm.dll+0x2feaa2]
V  [jvm.dll+0x303986]
V  [jvm.dll+0x34c3a3]
V  [jvm.dll+0x34caa6]
V  [jvm.dll+0x34c4a3]
V  [jvm.dll+0x2d9688]
V  [jvm.dll+0x2da837]
V  [jvm.dll+0x705ba7]
V  [jvm.dll+0x70739c]
V  [jvm.dll+0x3598f9]
V  [jvm.dll+0x6e931e]
V  [jvm.dll+0x3c1c43]
V  [jvm.dll+0x3c3e81]
C  [jli.dll+0x5373]
C  [ucrtbase.dll+0x29363]
C  [KERNEL32.DLL+0x1244d]
C  [ntdll.dll+0x5dfb8]


---------------  P R O C E S S  ---------------

Threads class SMR info:
_java_thread_list=0x00000154152f3e80, length=0, elements={
}

Java Threads: ( => current thread )

Other Threads:
  0x000001541552f000 GCTaskThread "GC Thread#0" [stack: 0x0000002a21200000,0x0000002a21300000] [id=21748]
  0x0000015415560000 ConcurrentGCThread "G1 Main Marker" [stack: 0x0000002a21300000,0x0000002a21400000] [id=23052]
  0x0000015415562800 ConcurrentGCThread "G1 Conc#0" [stack: 0x0000002a21400000,0x0000002a21500000] [id=22600]

[error occurred during error reporting (printing all threads), id 0xc0000005, EXCEPTION_ACCESS_VIOLATION (0xc0000005) at pc=0x00007ffa79209c47]

VM state:not at safepoint (not fully initialized)

VM Mutex/Monitor currently owned by a thread:  ([mutex/lock_event])
[0x0000015415515c40] Heap_lock - owner thread: 0x0000015415518800

Heap address: 0x0000000085600000, size: 1962 MB, Compressed Oops mode: Non-zero based: 0x0000000085600000
Narrow klass base: 0x0000000000000000, Narrow klass shift: 0

GC Heap History (0 events):
No events

Deoptimization events (0 events):
No events

Classes redefined (0 events):
No events

Internal exceptions (0 events):
No events

Events (1 events):
Event: 0.032 Loaded shared library C:\Program Files\Android\Android Studio\jre\bin\zip.dll


Dynamic libraries:
0x00007ff798a40000 - 0x00007ff798a4a000 	C:\Program Files\Android\Android Studio\jre\bin\java.EXE
0x00007ffb00370000 - 0x00007ffb00584000 	C:\WINDOWS\SYSTEM32\ntdll.dll
0x00007ffaff010000 - 0x00007ffaff0d2000 	C:\WINDOWS\System32\KERNEL32.DLL
0x00007ffafdc40000 - 0x00007ffafdfdd000 	C:\WINDOWS\System32\KERNELBASE.dll
0x00007ffafd7a0000 - 0x00007ffafd8b1000 	C:\WINDOWS\System32\ucrtbase.dll
0x00007ffae2c30000 - 0x00007ffae2c49000 	C:\Program Files\Android\Android Studio\jre\bin\jli.dll
0x00007ffae3460000 - 0x00007ffae3477000 	C:\Program Files\Android\Android Studio\jre\bin\VCRUNTIME140.dll
0x00007ffaffaa0000 - 0x00007ffaffc4a000 	C:\WINDOWS\System32\USER32.dll
0x00007ffafdaa0000 - 0x00007ffafdac6000 	C:\WINDOWS\System32\win32u.dll
0x00007ffafefe0000 - 0x00007ffaff009000 	C:\WINDOWS\System32\GDI32.dll
0x00007ffafe050000 - 0x00007ffafe162000 	C:\WINDOWS\System32\gdi32full.dll
0x00007ffafd8c0000 - 0x00007ffafd95a000 	C:\WINDOWS\System32\msvcp_win.dll
0x00007ffad7600000 - 0x00007ffad788e000 	C:\WINDOWS\WinSxS\amd64_microsoft.windows.common-controls_6595b64144ccf1df_6.0.22621.608_none_a9444ca7c10bb01d\COMCTL32.dll
0x00007ffaff260000 - 0x00007ffaff307000 	C:\WINDOWS\System32\msvcrt.dll
0x00007ffaff310000 - 0x00007ffaff342000 	C:\WINDOWS\System32\IMM32.DLL
0x00007ffa74c70000 - 0x00007ffa74d0d000 	C:\Program Files\Android\Android Studio\jre\bin\msvcp140.dll
0x00007ffa78f20000 - 0x00007ffa799f5000 	C:\Program Files\Android\Android Studio\jre\bin\server\jvm.dll
0x00007ffaff350000 - 0x00007ffaff3fe000 	C:\WINDOWS\System32\ADVAPI32.dll
0x00007ffafeb70000 - 0x00007ffafec14000 	C:\WINDOWS\System32\sechost.dll
0x00007ffafe170000 - 0x00007ffafe285000 	C:\WINDOWS\System32\RPCRT4.dll
0x00007ffafeef0000 - 0x00007ffafeef8000 	C:\WINDOWS\System32\PSAPI.DLL
0x00007ffaf47c0000 - 0x00007ffaf47ca000 	C:\WINDOWS\SYSTEM32\VERSION.dll
0x00007ffaf5ff0000 - 0x00007ffaf6024000 	C:\WINDOWS\SYSTEM32\WINMM.dll
0x00007ffafa380000 - 0x00007ffafa389000 	C:\WINDOWS\SYSTEM32\WSOCK32.dll
0x00007ffafeaf0000 - 0x00007ffafeb61000 	C:\WINDOWS\System32\ws2_32.DLL
0x00007ffafc7d0000 - 0x00007ffafc7e8000 	C:\WINDOWS\SYSTEM32\kernel.appcore.dll
0x00007ffa88590000 - 0x00007ffa885a1000 	C:\Program Files\Android\Android Studio\jre\bin\verify.dll
0x00007ffafb0a0000 - 0x00007ffafb2ce000 	C:\WINDOWS\SYSTEM32\DBGHELP.DLL
0x00007ffaffc50000 - 0x00007ffafffda000 	C:\WINDOWS\System32\combase.dll
0x00007ffafef00000 - 0x00007ffafefd7000 	C:\WINDOWS\System32\OLEAUT32.dll
0x00007ffadb040000 - 0x00007ffadb072000 	C:\WINDOWS\SYSTEM32\dbgcore.DLL
0x00007ffafda20000 - 0x00007ffafda9b000 	C:\WINDOWS\System32\bcryptPrimitives.dll
0x00007ffa88300000 - 0x00007ffa88329000 	C:\Program Files\Android\Android Studio\jre\bin\java.dll
0x00007ffadc070000 - 0x00007ffadc07b000 	C:\Program Files\Android\Android Studio\jre\bin\jimage.dll
0x00007ffa882e0000 - 0x00007ffa882f8000 	C:\Program Files\Android\Android Studio\jre\bin\zip.dll

dbghelp: loaded successfully - version: 4.0.5 - missing functions: none
symbol engine: initialized successfully - sym options: 0x614 - pdb path: .;C:\Program Files\Android\Android Studio\jre\bin;C:\WINDOWS\SYSTEM32;C:\WINDOWS\WinSxS\amd64_microsoft.windows.common-controls_6595b64144ccf1df_6.0.22621.608_none_a9444ca7c10bb01d;C:\Program Files\Android\Android Studio\jre\bin\server

VM Arguments:
java_command: <unknown>
java_class_path (initial): <not set>
Launcher Type: SUN_STANDARD

[Global flags]
     intx CICompilerCount                          = 4                                         {product} {ergonomic}
     uint ConcGCThreads                            = 2                                         {product} {ergonomic}
     uint G1ConcRefinementThreads                  = 8                                         {product} {ergonomic}
   size_t G1HeapRegionSize                         = 1048576                                   {product} {ergonomic}
    uintx GCDrainStackTargetSize                   = 64                                        {product} {ergonomic}
   size_t InitialHeapSize                          = 130023424                                 {product} {ergonomic}
   size_t MarkStackSize                            = 4194304                                   {product} {ergonomic}
   size_t MaxHeapSize                              = 2057306112                                {product} {ergonomic}
   size_t MinHeapDeltaBytes                        = 1048576                                   {product} {ergonomic}
    uintx NonNMethodCodeHeapSize                   = 5836300                                {pd product} {ergonomic}
    uintx NonProfiledCodeHeapSize                  = 122910970                              {pd product} {ergonomic}
    uintx ProfiledCodeHeapSize                     = 122910970                              {pd product} {ergonomic}
    uintx ReservedCodeCacheSize                    = 251658240                              {pd product} {ergonomic}
     bool SegmentedCodeCache                       = true                                      {product} {ergonomic}
     bool UseCompressedClassPointers               = true                                 {lp64_product} {ergonomic}
     bool UseCompressedOops                        = true                                 {lp64_product} {ergonomic}
     bool UseG1GC                                  = true                                      {product} {ergonomic}
     bool UseLargePagesIndividualAllocation        = false                                  {pd product} {ergonomic}

Logging:
Log output configuration:
 #0: stdout all=warning uptime,level,tags
 #1: stderr all=off uptime,level,tags

Environment Variables:
PATH=C:\WINDOWS\system32;C:\WINDOWS;C:\WINDOWS\System32\Wbem;C:\WINDOWS\System32\WindowsPowerShell\v1.0\;C:\WINDOWS\System32\OpenSSH\;C:\xampp\php;C:\ProgramData\ComposerSetup\bin;C:\Users\trigu\AppData\Local\Microsoft\WindowsApps;C:\Users\trigu\flutter\bin;;C:\Users\trigu\AppData\Local\Programs\Microsoft VS Code\bin;C:\Users\trigu\AppData\Roaming\Composer\vendor\bin;C:\Users\trigu\flutter\bin\mingit\cmd
USERNAME=trigun
LANG=en_US.UTF-8
OS=Windows_NT
PROCESSOR_IDENTIFIER=Intel64 Family 6 Model 140 Stepping 1, GenuineIntel



---------------  S Y S T E M  ---------------

OS: Windows 10 , 64 bit Build 22621 (10.0.22621.755)
OS uptime: 1 days 3:49 hours
Hyper-V role detected

CPU:total 8 (initial active 8) (4 cores per cpu, 2 threads per core) family 6 model 140 stepping 1 microcode 0x8a, cmov, cx8, fxsr, mmx, sse, sse2, sse3, ssse3, sse4.1, sse4.2, popcnt, avx, avx2, aes, clmul, erms, 3dnowpref, lzcnt, ht, tsc, tscinvbit, bmi1, bmi2, adx, evex, sha, fma

Memory: 4k page, system-wide physical 7847M (18M free)
TotalPageFile size 31399M (AvailPageFile size 7M)
current process WorkingSet (physical memory assigned to process): 10M, peak: 10M
current process commit charge ("private bytes"): 60M, peak: 183M

vm_info: OpenJDK 64-Bit Server VM (11.0.11+9-b60-7590822) for windows-amd64 JRE (11.0.11+9-b60-7590822), built on Jul 29 2021 21:43:44 by "builder" with MS VC++ 14.0 (VS2015)

END.
